# JRE version: OpenJDK Runtime Environment Temurin-17.0.11+9 (17.0.11+9) (build 17.0.11+9)
# Java VM: OpenJDK 64-Bit Server VM Temurin-17.0.11+9 (17.0.11+9, mixed mode, tiered, compressed oops, compressed class ptrs, parallel gc, windows-amd64)
GC Precious Log:
 CPUs: 12 total, 12 available
 Memory: 49019M
 Large Page Support: Disabled
 NUMA Support: Disabled
 Compressed Oops: Enabled (32-bit)
 Alignments: Space 512K, Generation 512K, Heap 2M
 Heap Min Capacity: 100M
 Heap Initial Capacity: 100M
 Heap Max Capacity: 1G
 Pre-touch: Disabled
 Parallel Workers: 10
Heap:
 PSYoungGen      total 22016K, used 9127K [0x00000000eab00000, 0x00000000ec380000, 0x0000000100000000)
  eden space 19456K, 35% used [0x00000000eab00000,0x00000000eb1c9e38,0x00000000ebe00000)
  from space 2560K, 85% used [0x00000000ec100000,0x00000000ec320010,0x00000000ec380000)
  to   space 2560K, 0% used [0x00000000ebe00000,0x00000000ebe00000,0x00000000ec080000)
 ParOldGen       total 68608K, used 50105K [0x00000000c0000000, 0x00000000c4300000, 0x00000000eab00000)
  object space 68608K, 73% used [0x00000000c0000000,0x00000000c30ee568,0x00000000c4300000)
 Metaspace       used 66937K, committed 68096K, reserved 1114112K
  class space    used 7740K, committed 8192K, reserved 1048576K
GC Heap History (20 events):
Event: 42.646 GC heap before
{Heap before GC invocations=33 (full 3):
 PSYoungGen      total 21504K, used 19840K [0x00000000eab00000, 0x00000000ec500000, 0x0000000100000000)
  eden space 19456K, 100% used [0x00000000eab00000,0x00000000ebe00000,0x00000000ebe00000)
  from space 2048K, 18% used [0x00000000ec180000,0x00000000ec1e0000,0x00000000ec380000)
  to   space 1024K, 0% used [0x00000000ec400000,0x00000000ec400000,0x00000000ec500000)
 ParOldGen       total 68608K, used 38043K [0x00000000c0000000, 0x00000000c4300000, 0x00000000eab00000)
  object space 68608K, 55% used [0x00000000c0000000,0x00000000c2526f68,0x00000000c4300000)
 Metaspace       used 63294K, committed 64384K, reserved 1114112K
  class space    used 7365K, committed 7808K, reserved 1048576K
}
Event: 42.647 GC heap after
{Heap after GC invocations=33 (full 3):
 PSYoungGen      total 19968K, used 480K [0x00000000eab00000, 0x00000000ec480000, 0x0000000100000000)
  eden space 19456K, 0% used [0x00000000eab00000,0x00000000eab00000,0x00000000ebe00000)
  from space 512K, 93% used [0x00000000ec400000,0x00000000ec478000,0x00000000ec480000)
  to   space 1024K, 0% used [0x00000000ec280000,0x00000000ec280000,0x00000000ec380000)
 ParOldGen       total 68608K, used 38259K [0x00000000c0000000, 0x00000000c4300000, 0x00000000eab00000)
  object space 68608K, 55% used [0x00000000c0000000,0x00000000c255cf68,0x00000000c4300000)
 Metaspace       used 63294K, committed 64384K, reserved 1114112K
  class space    used 7365K, committed 7808K, reserved 1048576K
}
Event: 43.077 GC heap before
{Heap before GC invocations=34 (full 3):
 PSYoungGen      total 19968K, used 19936K [0x00000000eab00000, 0x00000000ec480000, 0x0000000100000000)
  eden space 19456K, 100% used [0x00000000eab00000,0x00000000ebe00000,0x00000000ebe00000)
  from space 512K, 93% used [0x00000000ec400000,0x00000000ec478000,0x00000000ec480000)
  to   space 1024K, 0% used [0x00000000ec280000,0x00000000ec280000,0x00000000ec380000)
 ParOldGen       total 68608K, used 38259K [0x00000000c0000000, 0x00000000c4300000, 0x00000000eab00000)
  object space 68608K, 55% used [0x00000000c0000000,0x00000000c255cf68,0x00000000c4300000)
 Metaspace       used 63294K, committed 64384K, reserved 1114112K
  class space    used 7365K, committed 7808K, reserved 1048576K
}
Event: 43.078 GC heap after
{Heap after GC invocations=34 (full 3):
 PSYoungGen      total 20480K, used 224K [0x00000000eab00000, 0x00000000ec480000, 0x0000000100000000)
  eden space 19456K, 0% used [0x00000000eab00000,0x00000000eab00000,0x00000000ebe00000)
  from space 1024K, 21% used [0x00000000ec280000,0x00000000ec2b8000,0x00000000ec380000)
  to   space 512K, 0% used [0x00000000ec400000,0x00000000ec400000,0x00000000ec480000)
 ParOldGen       total 68608K, used 38571K [0x00000000c0000000, 0x00000000c4300000, 0x00000000eab00000)
  object space 68608K, 56% used [0x00000000c0000000,0x00000000c25aaf68,0x00000000c4300000)
 Metaspace       used 63294K, committed 64384K, reserved 1114112K
  class space    used 7365K, committed 7808K, reserved 1048576K
}
Event: 43.703 GC heap before
{Heap before GC invocations=35 (full 3):
 PSYoungGen      total 20480K, used 19680K [0x00000000eab00000, 0x00000000ec480000, 0x0000000100000000)
  eden space 19456K, 100% used [0x00000000eab00000,0x00000000ebe00000,0x00000000ebe00000)
  from space 1024K, 21% used [0x00000000ec280000,0x00000000ec2b8000,0x00000000ec380000)
  to   space 512K, 0% used [0x00000000ec400000,0x00000000ec400000,0x00000000ec480000)
 ParOldGen       total 68608K, used 38571K [0x00000000c0000000, 0x00000000c4300000, 0x00000000eab00000)
  object space 68608K, 56% used [0x00000000c0000000,0x00000000c25aaf68,0x00000000c4300000)
 Metaspace       used 63306K, committed 64384K, reserved 1114112K
  class space    used 7366K, committed 7808K, reserved 1048576K
}
Event: 43.703 GC heap after
{Heap after GC invocations=35 (full 3):
 PSYoungGen      total 19968K, used 224K [0x00000000eab00000, 0x00000000ec480000, 0x0000000100000000)
  eden space 19456K, 0% used [0x00000000eab00000,0x00000000eab00000,0x00000000ebe00000)
  from space 512K, 43% used [0x00000000ec400000,0x00000000ec438000,0x00000000ec480000)
  to   space 512K, 0% used [0x00000000ec380000,0x00000000ec380000,0x00000000ec400000)
 ParOldGen       total 68608K, used 38603K [0x00000000c0000000, 0x00000000c4300000, 0x00000000eab00000)
  object space 68608K, 56% used [0x00000000c0000000,0x00000000c25b2f68,0x00000000c4300000)
 Metaspace       used 63306K, committed 64384K, reserved 1114112K
  class space    used 7366K, committed 7808K, reserved 1048576K
}
Event: 44.078 GC heap before
{Heap before GC invocations=36 (full 3):
 PSYoungGen      total 19968K, used 19680K [0x00000000eab00000, 0x00000000ec480000, 0x0000000100000000)
  eden space 19456K, 100% used [0x00000000eab00000,0x00000000ebe00000,0x00000000ebe00000)
  from space 512K, 43% used [0x00000000ec400000,0x00000000ec438000,0x00000000ec480000)
  to   space 512K, 0% used [0x00000000ec380000,0x00000000ec380000,0x00000000ec400000)
 ParOldGen       total 68608K, used 38603K [0x00000000c0000000, 0x00000000c4300000, 0x00000000eab00000)
  object space 68608K, 56% used [0x00000000c0000000,0x00000000c25b2f68,0x00000000c4300000)
 Metaspace       used 64942K, committed 66112K, reserved 1114112K
  class space    used 7533K, committed 8000K, reserved 1048576K
}
Event: 44.080 GC heap after
{Heap after GC invocations=36 (full 3):
 PSYoungGen      total 19968K, used 503K [0x00000000eab00000, 0x00000000ec480000, 0x0000000100000000)
  eden space 19456K, 0% used [0x00000000eab00000,0x00000000eab00000,0x00000000ebe00000)
  from space 512K, 98% used [0x00000000ec380000,0x00000000ec3fdfc8,0x00000000ec400000)
  to   space 512K, 0% used [0x00000000ec400000,0x00000000ec400000,0x00000000ec480000)
 ParOldGen       total 68608K, used 39175K [0x00000000c0000000, 0x00000000c4300000, 0x00000000eab00000)
  object space 68608K, 57% used [0x00000000c0000000,0x00000000c2641f98,0x00000000c4300000)
 Metaspace       used 64942K, committed 66112K, reserved 1114112K
  class space    used 7533K, committed 8000K, reserved 1048576K
}
Event: 44.235 GC heap before
{Heap before GC invocations=37 (full 3):
 PSYoungGen      total 19968K, used 19959K [0x00000000eab00000, 0x00000000ec480000, 0x0000000100000000)
  eden space 19456K, 100% used [0x00000000eab00000,0x00000000ebe00000,0x00000000ebe00000)
  from space 512K, 98% used [0x00000000ec380000,0x00000000ec3fdfc8,0x00000000ec400000)
  to   space 512K, 0% used [0x00000000ec400000,0x00000000ec400000,0x00000000ec480000)
 ParOldGen       total 68608K, used 39175K [0x00000000c0000000, 0x00000000c4300000, 0x00000000eab00000)
  object space 68608K, 57% used [0x00000000c0000000,0x00000000c2641f98,0x00000000c4300000)
 Metaspace       used 65600K, committed 66752K, reserved 1114112K
  class space    used 7614K, committed 8064K, reserved 1048576K
}
Event: 44.237 GC heap after
{Heap after GC invocations=37 (full 3):
 PSYoungGen      total 19968K, used 480K [0x00000000eab00000, 0x00000000ec480000, 0x0000000100000000)
  eden space 19456K, 0% used [0x00000000eab00000,0x00000000eab00000,0x00000000ebe00000)
  from space 512K, 93% used [0x00000000ec400000,0x00000000ec478010,0x00000000ec480000)
  to   space 2560K, 0% used [0x00000000ebf80000,0x00000000ebf80000,0x00000000ec200000)
 ParOldGen       total 68608K, used 40923K [0x00000000c0000000, 0x00000000c4300000, 0x00000000eab00000)
  object space 68608K, 59% used [0x00000000c0000000,0x00000000c27f6d88,0x00000000c4300000)
 Metaspace       used 65600K, committed 66752K, reserved 1114112K
  class space    used 7614K, committed 8064K, reserved 1048576K
}
Event: 44.330 GC heap before
{Heap before GC invocations=38 (full 3):
 PSYoungGen      total 19968K, used 19936K [0x00000000eab00000, 0x00000000ec480000, 0x0000000100000000)
  eden space 19456K, 100% used [0x00000000eab00000,0x00000000ebe00000,0x00000000ebe00000)
  from space 512K, 93% used [0x00000000ec400000,0x00000000ec478010,0x00000000ec480000)
  to   space 2560K, 0% used [0x00000000ebf80000,0x00000000ebf80000,0x00000000ec200000)
 ParOldGen       total 68608K, used 40923K [0x00000000c0000000, 0x00000000c4300000, 0x00000000eab00000)
  object space 68608K, 59% used [0x00000000c0000000,0x00000000c27f6d88,0x00000000c4300000)
 Metaspace       used 65662K, committed 66816K, reserved 1114112K
  class space    used 7615K, committed 8064K, reserved 1048576K
}
Event: 44.332 GC heap after
{Heap after GC invocations=38 (full 3):
 PSYoungGen      total 22016K, used 1952K [0x00000000eab00000, 0x00000000ec480000, 0x0000000100000000)
  eden space 19456K, 0% used [0x00000000eab00000,0x00000000eab00000,0x00000000ebe00000)
  from space 2560K, 76% used [0x00000000ebf80000,0x00000000ec168000,0x00000000ec200000)
  to   space 2048K, 0% used [0x00000000ec280000,0x00000000ec280000,0x00000000ec480000)
 ParOldGen       total 68608K, used 41443K [0x00000000c0000000, 0x00000000c4300000, 0x00000000eab00000)
  object space 68608K, 60% used [0x00000000c0000000,0x00000000c2878da8,0x00000000c4300000)
 Metaspace       used 65662K, committed 66816K, reserved 1114112K
  class space    used 7615K, committed 8064K, reserved 1048576K
}
Event: 44.569 GC heap before
{Heap before GC invocations=39 (full 3):
 PSYoungGen      total 22016K, used 21408K [0x00000000eab00000, 0x00000000ec480000, 0x0000000100000000)
  eden space 19456K, 100% used [0x00000000eab00000,0x00000000ebe00000,0x00000000ebe00000)
  from space 2560K, 76% used [0x00000000ebf80000,0x00000000ec168000,0x00000000ec200000)
  to   space 2048K, 0% used [0x00000000ec280000,0x00000000ec280000,0x00000000ec480000)
 ParOldGen       total 68608K, used 41443K [0x00000000c0000000, 0x00000000c4300000, 0x00000000eab00000)
  object space 68608K, 60% used [0x00000000c0000000,0x00000000c2878da8,0x00000000c4300000)
 Metaspace       used 65932K, committed 67072K, reserved 1114112K
  class space    used 7640K, committed 8128K, reserved 1048576K
}
Event: 44.571 GC heap after
{Heap after GC invocations=39 (full 3):
 PSYoungGen      total 21504K, used 1920K [0x00000000eab00000, 0x00000000ec480000, 0x0000000100000000)
  eden space 19456K, 0% used [0x00000000eab00000,0x00000000eab00000,0x00000000ebe00000)
  from space 2048K, 93% used [0x00000000ec280000,0x00000000ec460010,0x00000000ec480000)
  to   space 2048K, 0% used [0x00000000ec080000,0x00000000ec080000,0x00000000ec280000)
 ParOldGen       total 68608K, used 43051K [0x00000000c0000000, 0x00000000c4300000, 0x00000000eab00000)
  object space 68608K, 62% used [0x00000000c0000000,0x00000000c2a0ada8,0x00000000c4300000)
 Metaspace       used 65932K, committed 67072K, reserved 1114112K
  class space    used 7640K, committed 8128K, reserved 1048576K
}
Event: 44.698 GC heap before
{Heap before GC invocations=40 (full 3):
 PSYoungGen      total 21504K, used 21376K [0x00000000eab00000, 0x00000000ec480000, 0x0000000100000000)
  eden space 19456K, 100% used [0x00000000eab00000,0x00000000ebe00000,0x00000000ebe00000)
  from space 2048K, 93% used [0x00000000ec280000,0x00000000ec460010,0x00000000ec480000)
  to   space 2048K, 0% used [0x00000000ec080000,0x00000000ec080000,0x00000000ec280000)
 ParOldGen       total 68608K, used 43051K [0x00000000c0000000, 0x00000000c4300000, 0x00000000eab00000)
  object space 68608K, 62% used [0x00000000c0000000,0x00000000c2a0ada8,0x00000000c4300000)
 Metaspace       used 66870K, committed 68032K, reserved 1114112K
  class space    used 7737K, committed 8192K, reserved 1048576K
}
Event: 44.700 GC heap after
{Heap after GC invocations=40 (full 3):
 PSYoungGen      total 21504K, used 1917K [0x00000000eab00000, 0x00000000ec300000, 0x0000000100000000)
  eden space 19456K, 0% used [0x00000000eab00000,0x00000000eab00000,0x00000000ebe00000)
  from space 2048K, 93% used [0x00000000ec080000,0x00000000ec25f540,0x00000000ec280000)
  to   space 512K, 0% used [0x00000000ec280000,0x00000000ec280000,0x00000000ec300000)
 ParOldGen       total 68608K, used 44407K [0x00000000c0000000, 0x00000000c4300000, 0x00000000eab00000)
  object space 68608K, 64% used [0x00000000c0000000,0x00000000c2b5dcb8,0x00000000c4300000)
 Metaspace       used 66870K, committed 68032K, reserved 1114112K
  class space    used 7737K, committed 8192K, reserved 1048576K
}
Event: 44.754 GC heap before
{Heap before GC invocations=41 (full 3):
 PSYoungGen      total 21504K, used 21373K [0x00000000eab00000, 0x00000000ec300000, 0x0000000100000000)
  eden space 19456K, 100% used [0x00000000eab00000,0x00000000ebe00000,0x00000000ebe00000)
  from space 2048K, 93% used [0x00000000ec080000,0x00000000ec25f540,0x00000000ec280000)
  to   space 512K, 0% used [0x00000000ec280000,0x00000000ec280000,0x00000000ec300000)
 ParOldGen       total 68608K, used 44407K [0x00000000c0000000, 0x00000000c4300000, 0x00000000eab00000)
  object space 68608K, 64% used [0x00000000c0000000,0x00000000c2b5dcb8,0x00000000c4300000)
 Metaspace       used 66894K, committed 68096K, reserved 1114112K
  class space    used 7737K, committed 8192K, reserved 1048576K
}
Event: 44.756 GC heap after
{Heap after GC invocations=41 (full 3):
 PSYoungGen      total 19968K, used 512K [0x00000000eab00000, 0x00000000ec600000, 0x0000000100000000)
  eden space 19456K, 0% used [0x00000000eab00000,0x00000000eab00000,0x00000000ebe00000)
  from space 512K, 100% used [0x00000000ec280000,0x00000000ec300000,0x00000000ec300000)
  to   space 4096K, 0% used [0x00000000ebe00000,0x00000000ebe00000,0x00000000ec200000)
 ParOldGen       total 68608K, used 47651K [0x00000000c0000000, 0x00000000c4300000, 0x00000000eab00000)
  object space 68608K, 69% used [0x00000000c0000000,0x00000000c2e88c78,0x00000000c4300000)
 Metaspace       used 66894K, committed 68096K, reserved 1114112K
  class space    used 7737K, committed 8192K, reserved 1048576K
}
Event: 44.802 GC heap before
{Heap before GC invocations=42 (full 3):
 PSYoungGen      total 19968K, used 19968K [0x00000000eab00000, 0x00000000ec600000, 0x0000000100000000)
  eden space 19456K, 100% used [0x00000000eab00000,0x00000000ebe00000,0x00000000ebe00000)
  from space 512K, 100% used [0x00000000ec280000,0x00000000ec300000,0x00000000ec300000)
  to   space 4096K, 0% used [0x00000000ebe00000,0x00000000ebe00000,0x00000000ec200000)
 ParOldGen       total 68608K, used 47651K [0x00000000c0000000, 0x00000000c4300000, 0x00000000eab00000)
  object space 68608K, 69% used [0x00000000c0000000,0x00000000c2e88c78,0x00000000c4300000)
 Metaspace       used 66915K, committed 68096K, reserved 1114112K
  class space    used 7739K, committed 8192K, reserved 1048576K
}
Event: 44.804 GC heap after
{Heap after GC invocations=42 (full 3):
 PSYoungGen      total 22016K, used 2336K [0x00000000eab00000, 0x00000000ec400000, 0x0000000100000000)
  eden space 19456K, 0% used [0x00000000eab00000,0x00000000eab00000,0x00000000ebe00000)
  from space 2560K, 91% used [0x00000000ebe00000,0x00000000ec048000,0x00000000ec080000)
  to   space 3072K, 0% used [0x00000000ec100000,0x00000000ec100000,0x00000000ec400000)
 ParOldGen       total 68608K, used 48203K [0x00000000c0000000, 0x00000000c4300000, 0x00000000eab00000)
  object space 68608K, 70% used [0x00000000c0000000,0x00000000c2f12c78,0x00000000c4300000)
 Metaspace       used 66915K, committed 68096K, reserved 1114112K
  class space    used 7739K, committed 8192K, reserved 1048576K
}

