# JRE version: Java(TM) SE Runtime Environment (20.0.2+9) (build 20.0.2+9-78)
# Java VM: Java HotSpot(TM) 64-Bit Server VM (20.0.2+9-78, mixed mode, sharing, tiered, compressed oops, compressed class ptrs, g1 gc, windows-amd64)
GC Precious Log:
 CardTable entry size: 512
 Card Set container configuration: InlinePtr #cards 4 size 8 Array Of Cards #cards 32 size 80 Howl #buckets 8 coarsen threshold 7372 Howl Bitmap #cards 1024 size 144 coarsen threshold 921 Card regions per heap region 1 cards per card region 8192
 CPUs: 12 total, 12 available
 Memory: 32635M
 Large Page Support: Disabled
 NUMA Support: Disabled
 Compressed Oops: Enabled (Zero based)
 Heap Region Size: 4M
 Heap Min Capacity: 8M
 Heap Initial Capacity: 512M
 Heap Max Capacity: 8160M
 Pre-touch: Disabled
 Parallel Workers: 10
 Concurrent Workers: 3
 Concurrent Refinement Workers: 10
 Periodic GC: Disabled
Heap:
 garbage-first heap   total 327680K, used 170246K [0x0000000602000000, 0x0000000800000000)
  region size 4096K, 17 young (69632K), 4 survivors (16384K)
 Metaspace       used 61354K, committed 62144K, reserved 1114112K
  class space    used 6815K, committed 7232K, reserved 1048576K
GC Heap History (20 events):
Event: 20.827 GC heap before
{Heap before GC invocations=21 (full 0):
 garbage-first heap   total 233472K, used 202776K [0x0000000602000000, 0x0000000800000000)
  region size 4096K, 31 young (126976K), 2 survivors (8192K)
 Metaspace       used 58260K, committed 59072K, reserved 1114112K
  class space    used 6546K, committed 6976K, reserved 1048576K
}
Event: 20.830 GC heap after
{Heap after GC invocations=22 (full 0):
 garbage-first heap   total 233472K, used 83821K [0x0000000602000000, 0x0000000800000000)
  region size 4096K, 2 young (8192K), 2 survivors (8192K)
 Metaspace       used 58260K, committed 59072K, reserved 1114112K
  class space    used 6546K, committed 6976K, reserved 1048576K
}
Event: 21.118 GC heap before
{Heap before GC invocations=22 (full 0):
 garbage-first heap   total 233472K, used 202605K [0x0000000602000000, 0x0000000800000000)
  region size 4096K, 31 young (126976K), 2 survivors (8192K)
 Metaspace       used 58270K, committed 59136K, reserved 1114112K
  class space    used 6546K, committed 6976K, reserved 1048576K
}
Event: 21.122 GC heap after
{Heap after GC invocations=23 (full 0):
 garbage-first heap   total 233472K, used 83981K [0x0000000602000000, 0x0000000800000000)
  region size 4096K, 2 young (8192K), 2 survivors (8192K)
 Metaspace       used 58270K, committed 59136K, reserved 1114112K
  class space    used 6546K, committed 6976K, reserved 1048576K
}
Event: 21.375 GC heap before
{Heap before GC invocations=23 (full 0):
 garbage-first heap   total 233472K, used 202765K [0x0000000602000000, 0x0000000800000000)
  region size 4096K, 31 young (126976K), 2 survivors (8192K)
 Metaspace       used 58293K, committed 59136K, reserved 1114112K
  class space    used 6546K, committed 6976K, reserved 1048576K
}
Event: 21.379 GC heap after
{Heap after GC invocations=24 (full 0):
 garbage-first heap   total 327680K, used 84001K [0x0000000602000000, 0x0000000800000000)
  region size 4096K, 2 young (8192K), 2 survivors (8192K)
 Metaspace       used 58293K, committed 59136K, reserved 1114112K
  class space    used 6546K, committed 6976K, reserved 1048576K
}
Event: 21.786 GC heap before
{Heap before GC invocations=24 (full 0):
 garbage-first heap   total 327680K, used 272417K [0x0000000602000000, 0x0000000800000000)
  region size 4096K, 48 young (196608K), 2 survivors (8192K)
 Metaspace       used 58313K, committed 59136K, reserved 1114112K
  class space    used 6546K, committed 6976K, reserved 1048576K
}
Event: 21.789 GC heap after
{Heap after GC invocations=25 (full 0):
 garbage-first heap   total 327680K, used 84271K [0x0000000602000000, 0x0000000800000000)
  region size 4096K, 2 young (8192K), 2 survivors (8192K)
 Metaspace       used 58313K, committed 59136K, reserved 1114112K
  class space    used 6546K, committed 6976K, reserved 1048576K
}
Event: 22.102 GC heap before
{Heap before GC invocations=25 (full 0):
 garbage-first heap   total 327680K, used 272687K [0x0000000602000000, 0x0000000800000000)
  region size 4096K, 48 young (196608K), 2 survivors (8192K)
 Metaspace       used 58318K, committed 59136K, reserved 1114112K
  class space    used 6546K, committed 6976K, reserved 1048576K
}
Event: 22.104 GC heap after
{Heap after GC invocations=26 (full 0):
 garbage-first heap   total 327680K, used 84060K [0x0000000602000000, 0x0000000800000000)
  region size 4096K, 2 young (8192K), 2 survivors (8192K)
 Metaspace       used 58318K, committed 59136K, reserved 1114112K
  class space    used 6546K, committed 6976K, reserved 1048576K
}
Event: 22.585 GC heap before
{Heap before GC invocations=26 (full 0):
 garbage-first heap   total 327680K, used 272476K [0x0000000602000000, 0x0000000800000000)
  region size 4096K, 48 young (196608K), 2 survivors (8192K)
 Metaspace       used 58321K, committed 59136K, reserved 1114112K
  class space    used 6546K, committed 6976K, reserved 1048576K
}
Event: 22.587 GC heap after
{Heap after GC invocations=27 (full 0):
 garbage-first heap   total 327680K, used 84189K [0x0000000602000000, 0x0000000800000000)
  region size 4096K, 2 young (8192K), 2 survivors (8192K)
 Metaspace       used 58321K, committed 59136K, reserved 1114112K
  class space    used 6546K, committed 6976K, reserved 1048576K
}
Event: 22.874 GC heap before
{Heap before GC invocations=27 (full 0):
 garbage-first heap   total 327680K, used 272605K [0x0000000602000000, 0x0000000800000000)
  region size 4096K, 48 young (196608K), 2 survivors (8192K)
 Metaspace       used 58323K, committed 59136K, reserved 1114112K
  class space    used 6546K, committed 6976K, reserved 1048576K
}
Event: 22.877 GC heap after
{Heap after GC invocations=28 (full 0):
 garbage-first heap   total 327680K, used 84181K [0x0000000602000000, 0x0000000800000000)
  region size 4096K, 2 young (8192K), 2 survivors (8192K)
 Metaspace       used 58323K, committed 59136K, reserved 1114112K
  class space    used 6546K, committed 6976K, reserved 1048576K
}
Event: 27.515 GC heap before
{Heap before GC invocations=28 (full 0):
 garbage-first heap   total 327680K, used 272597K [0x0000000602000000, 0x0000000800000000)
  region size 4096K, 48 young (196608K), 2 survivors (8192K)
 Metaspace       used 59882K, committed 60736K, reserved 1114112K
  class space    used 6742K, committed 7168K, reserved 1048576K
}
Event: 27.524 GC heap after
{Heap after GC invocations=29 (full 0):
 garbage-first heap   total 327680K, used 93480K [0x0000000602000000, 0x0000000800000000)
  region size 4096K, 4 young (16384K), 4 survivors (16384K)
 Metaspace       used 59882K, committed 60736K, reserved 1114112K
  class space    used 6742K, committed 7168K, reserved 1048576K
}
Event: 33.300 GC heap before
{Heap before GC invocations=29 (full 0):
 garbage-first heap   total 327680K, used 273704K [0x0000000602000000, 0x0000000800000000)
  region size 4096K, 48 young (196608K), 4 survivors (16384K)
 Metaspace       used 60845K, committed 61696K, reserved 1114112K
  class space    used 6804K, committed 7232K, reserved 1048576K
}
Event: 33.315 GC heap after
{Heap after GC invocations=30 (full 0):
 garbage-first heap   total 327680K, used 107189K [0x0000000602000000, 0x0000000800000000)
  region size 4096K, 6 young (24576K), 6 survivors (24576K)
 Metaspace       used 60845K, committed 61696K, reserved 1114112K
  class space    used 6804K, committed 7232K, reserved 1048576K
}
Event: 36.411 GC heap before
{Heap before GC invocations=30 (full 0):
 garbage-first heap   total 327680K, used 279221K [0x0000000602000000, 0x0000000800000000)
  region size 4096K, 48 young (196608K), 6 survivors (24576K)
 Metaspace       used 61296K, committed 62080K, reserved 1114112K
  class space    used 6815K, committed 7232K, reserved 1048576K
}
Event: 36.430 GC heap after
{Heap after GC invocations=31 (full 0):
 garbage-first heap   total 327680K, used 121094K [0x0000000602000000, 0x0000000800000000)
  region size 4096K, 4 young (16384K), 4 survivors (16384K)
 Metaspace       used 61296K, committed 62080K, reserved 1114112K
  class space    used 6815K, committed 7232K, reserved 1048576K
}

